<?xml version="1.0" encoding="UTF-8"?>
<!-- Generated by org.testng.reporters.JUnitReportReporter -->
<testsuite hostname="DESKTOP-F40K7Q7" failures="0" tests="1" name="ObjectMethods.signInObjectMethod" time="20.059" errors="0" timestamp="2020-12-13T01:01:09 EST" skipped="0">
  <testcase classname="ObjectMethods.signInObjectMethod" name="testcase" time="20.059"/>
  <system-out/>
</testsuite> <!-- ObjectMethods.signInObjectMethod -->
